Performing C++ SOURCE FILE Test HAVE_CXX_FLAG_WSHORTEN_64_TO_32 failed with the following output:
Change Dir: /home/duda/Downloads/programming/loop-fusion-test/build/CMakeFiles/CMakeTmp

Run Build Command(s):/usr/bin/make -f Makefile cmTC_e538d/fast && /usr/bin/make  -f CMakeFiles/cmTC_e538d.dir/build.make CMakeFiles/cmTC_e538d.dir/build
make[1]: Entering directory '/home/duda/Downloads/programming/loop-fusion-test/build/CMakeFiles/CMakeTmp'
Building CXX object CMakeFiles/cmTC_e538d.dir/src.cxx.o
/usr/bin/c++ -DHAVE_CXX_FLAG_WSHORTEN_64_TO_32  -Wall  -Wextra  -Wshadow  -Wfloat-equal  -pedantic  -pedantic-errors  -Wshorten-64-to-32   -Wshorten-64-to-32 -std=c++11 -o CMakeFiles/cmTC_e538d.dir/src.cxx.o -c /home/duda/Downloads/programming/loop-fusion-test/build/CMakeFiles/CMakeTmp/src.cxx
c++: error: unrecognized command-line option '-Wshorten-64-to-32'
c++: error: unrecognized command-line option '-Wshorten-64-to-32'
make[1]: *** [CMakeFiles/cmTC_e538d.dir/build.make:78: CMakeFiles/cmTC_e538d.dir/src.cxx.o] Error 1
make[1]: Leaving directory '/home/duda/Downloads/programming/loop-fusion-test/build/CMakeFiles/CMakeTmp'
make: *** [Makefile:127: cmTC_e538d/fast] Error 2


Source file was:
int main() { return 0; }
Performing C++ SOURCE FILE Test HAVE_CXX_FLAG_WD654 failed with the following output:
Change Dir: /home/duda/Downloads/programming/loop-fusion-test/build/CMakeFiles/CMakeTmp

Run Build Command(s):/usr/bin/make -f Makefile cmTC_ef2cb/fast && /usr/bin/make  -f CMakeFiles/cmTC_ef2cb.dir/build.make CMakeFiles/cmTC_ef2cb.dir/build
make[1]: Entering directory '/home/duda/Downloads/programming/loop-fusion-test/build/CMakeFiles/CMakeTmp'
Building CXX object CMakeFiles/cmTC_ef2cb.dir/src.cxx.o
/usr/bin/c++ -DHAVE_CXX_FLAG_WD654  -Wall  -Wextra  -Wshadow  -Wfloat-equal  -pedantic  -pedantic-errors  -fstrict-aliasing  -Wno-deprecated-declarations  -Wstrict-aliasing  -wd654   -wd654 -std=c++11 -o CMakeFiles/cmTC_ef2cb.dir/src.cxx.o -c /home/duda/Downloads/programming/loop-fusion-test/build/CMakeFiles/CMakeTmp/src.cxx
c++: error: unrecognized command-line option '-wd654'
c++: error: unrecognized command-line option '-wd654'
make[1]: *** [CMakeFiles/cmTC_ef2cb.dir/build.make:78: CMakeFiles/cmTC_ef2cb.dir/src.cxx.o] Error 1
make[1]: Leaving directory '/home/duda/Downloads/programming/loop-fusion-test/build/CMakeFiles/CMakeTmp'
make: *** [Makefile:127: cmTC_ef2cb/fast] Error 2


Source file was:
int main() { return 0; }
Performing C++ SOURCE FILE Test HAVE_CXX_FLAG_WTHREAD_SAFETY failed with the following output:
Change Dir: /home/duda/Downloads/programming/loop-fusion-test/build/CMakeFiles/CMakeTmp

Run Build Command(s):/usr/bin/make -f Makefile cmTC_ac9dc/fast && /usr/bin/make  -f CMakeFiles/cmTC_ac9dc.dir/build.make CMakeFiles/cmTC_ac9dc.dir/build
make[1]: Entering directory '/home/duda/Downloads/programming/loop-fusion-test/build/CMakeFiles/CMakeTmp'
Building CXX object CMakeFiles/cmTC_ac9dc.dir/src.cxx.o
/usr/bin/c++ -DHAVE_CXX_FLAG_WTHREAD_SAFETY  -Wall  -Wextra  -Wshadow  -Wfloat-equal  -pedantic  -pedantic-errors  -fstrict-aliasing  -Wno-deprecated-declarations  -Wstrict-aliasing  -Wthread-safety   -Wthread-safety -std=c++11 -o CMakeFiles/cmTC_ac9dc.dir/src.cxx.o -c /home/duda/Downloads/programming/loop-fusion-test/build/CMakeFiles/CMakeTmp/src.cxx
c++: error: unrecognized command-line option '-Wthread-safety'
c++: error: unrecognized command-line option '-Wthread-safety'
make[1]: *** [CMakeFiles/cmTC_ac9dc.dir/build.make:78: CMakeFiles/cmTC_ac9dc.dir/src.cxx.o] Error 1
make[1]: Leaving directory '/home/duda/Downloads/programming/loop-fusion-test/build/CMakeFiles/CMakeTmp'
make: *** [Makefile:127: cmTC_ac9dc/fast] Error 2


Source file was:
int main() { return 0; }
